{
  "stats": {
    "suites": 1,
    "tests": 1,
    "passes": 1,
    "pending": 0,
    "failures": 0,
    "start": "2025-04-30T06:17:57.377Z",
    "end": "2025-04-30T06:18:18.595Z",
    "duration": 21218,
    "testsRegistered": 1,
    "passPercent": 100,
    "pendingPercent": 0,
    "other": 0,
    "hasOther": false,
    "skipped": 0,
    "hasSkipped": false
  },
  "results": [
    {
      "uuid": "2666233f-4ce5-4972-89c6-d2d782e37801",
      "title": "",
      "fullFile": "cypress\\e2e\\03_product.spec.js",
      "file": "cypress\\e2e\\03_product.spec.js",
      "beforeHooks": [],
      "afterHooks": [],
      "tests": [],
      "suites": [
        {
          "uuid": "5a3e2264-2788-49e4-af57-44f1810e703a",
          "title": "Product Page",
          "fullFile": "",
          "file": "",
          "beforeHooks": [],
          "afterHooks": [],
          "tests": [
            {
              "title": "Test scenario - should select a saree from the product page",
              "fullTitle": "Product Page Test scenario - should select a saree from the product page",
              "timedOut": null,
              "duration": 21162,
              "state": "passed",
              "speed": "slow",
              "pass": true,
              "fail": false,
              "pending": false,
              "context": null,
              "code": "cy.visit('Base URL'); // Replace with the actual base URL\ncy.url().should('include', 'automationexercise.com'); // Verify the URL\ncy.contains('Products').click();\ncy.get('.product-image-wrapper').eq(2).click(); // Click on the third saree (index 2)\ncy.get(':nth-child(1) > .panel-heading > .panel-title > a > .badge').click(); // Click on the 'Sarees' category\ncy.get(':nth-child(5) > .product-image-wrapper').click(); // Click on the first saree in the list\ncy.get('.panel-body > ul > :nth-child(3) > a').click(); // Click on the 'Sarees' category\ncy.contains('Women - Saree Products').should('be.visible'); // Verify the 'Sarees' category is displayed\ncy.get('.product-image-wrapper').eq(2).click(); // Click on the third saree (index 2)\ncy.contains('Beautiful Peacock Blue Cotton Linen Saree').should('be.visible');\ncy.get(':nth-child(5) > .product-image-wrapper > .choose > .nav > li > a').click();\ncy.get(':nth-child(5) > .btn').click(); // Click on the 'Add to Cart' button for the selected saree\ncy.get('.modal-content').should('be.visible'); // Verify the modal content is displayed\ncy.get('.modal-footer > .btn').click(); // Click on the 'Continue Shopping' button in the modal",
              "err": {},
              "uuid": "ab462f9a-4f6f-4ed3-88b6-5c0224775093",
              "parentUUID": "5a3e2264-2788-49e4-af57-44f1810e703a",
              "isHook": false,
              "skipped": false
            }
          ],
          "suites": [],
          "passes": [
            "ab462f9a-4f6f-4ed3-88b6-5c0224775093"
          ],
          "failures": [],
          "pending": [],
          "skipped": [],
          "duration": 21162,
          "root": false,
          "rootEmpty": false,
          "_timeout": 2000
        }
      ],
      "passes": [],
      "failures": [],
      "pending": [],
      "skipped": [],
      "duration": 0,
      "root": true,
      "rootEmpty": true,
      "_timeout": 2000
    }
  ],
  "meta": {
    "mocha": {
      "version": "7.2.0"
    },
    "mochawesome": {
      "options": {
        "quiet": false,
        "reportFilename": "mochawesome",
        "saveHtml": false,
        "saveJson": true,
        "consoleReporter": "spec",
        "useInlineDiffs": false,
        "code": true
      },
      "version": "7.1.3"
    },
    "marge": {
      "options": {
        "reportDir": "cypress\\reports\\.jsons",
        "overwrite": false,
        "html": false,
        "json": true
      },
      "version": "6.2.0"
    }
  }
}