{
  "stats": {
    "suites": 1,
    "tests": 1,
    "passes": 1,
    "pending": 0,
    "failures": 0,
    "start": "2025-04-30T06:20:24.454Z",
    "end": "2025-04-30T06:20:38.915Z",
    "duration": 14461,
    "testsRegistered": 1,
    "passPercent": 100,
    "pendingPercent": 0,
    "other": 0,
    "hasOther": false,
    "skipped": 0,
    "hasSkipped": false
  },
  "results": [
    {
      "uuid": "276dbf8c-ef31-4f6a-9d6a-9363cca317a9",
      "title": "",
      "fullFile": "cypress\\e2e\\08_logout.spec.js",
      "file": "cypress\\e2e\\08_logout.spec.js",
      "beforeHooks": [],
      "afterHooks": [],
      "tests": [],
      "suites": [
        {
          "uuid": "e3570edc-2d14-4cee-9b57-9b63f72d55fb",
          "title": "User Logout",
          "fullFile": "",
          "file": "",
          "beforeHooks": [],
          "afterHooks": [],
          "tests": [
            {
              "title": "Test scenario - should logout the user successfully",
              "fullTitle": "User Logout Test scenario - should logout the user successfully",
              "timedOut": null,
              "duration": 14432,
              "state": "passed",
              "speed": "slow",
              "pass": true,
              "fail": false,
              "pending": false,
              "context": null,
              "code": "cy.visit('Base URL'); // Replace with the actual base URL\ncy.url().should('include', 'automationexercise.com'); // Verify the URL\ncy.contains('Logout').click(); // Click on the 'Logout' link",
              "err": {},
              "uuid": "6387d9f8-5d95-40ca-8dc1-880d3461e951",
              "parentUUID": "e3570edc-2d14-4cee-9b57-9b63f72d55fb",
              "isHook": false,
              "skipped": false
            }
          ],
          "suites": [],
          "passes": [
            "6387d9f8-5d95-40ca-8dc1-880d3461e951"
          ],
          "failures": [],
          "pending": [],
          "skipped": [],
          "duration": 14432,
          "root": false,
          "rootEmpty": false,
          "_timeout": 2000
        }
      ],
      "passes": [],
      "failures": [],
      "pending": [],
      "skipped": [],
      "duration": 0,
      "root": true,
      "rootEmpty": true,
      "_timeout": 2000
    }
  ],
  "meta": {
    "mocha": {
      "version": "7.2.0"
    },
    "mochawesome": {
      "options": {
        "quiet": false,
        "reportFilename": "mochawesome",
        "saveHtml": false,
        "saveJson": true,
        "consoleReporter": "spec",
        "useInlineDiffs": false,
        "code": true
      },
      "version": "7.1.3"
    },
    "marge": {
      "options": {
        "reportDir": "cypress\\reports\\.jsons",
        "overwrite": false,
        "html": false,
        "json": true
      },
      "version": "6.2.0"
    }
  }
}