{
  "stats": {
    "suites": 1,
    "tests": 1,
    "passes": 1,
    "pending": 0,
    "failures": 0,
    "start": "2025-04-30T06:18:50.125Z",
    "end": "2025-04-30T06:19:14.067Z",
    "duration": 23942,
    "testsRegistered": 1,
    "passPercent": 100,
    "pendingPercent": 0,
    "other": 0,
    "hasOther": false,
    "skipped": 0,
    "hasSkipped": false
  },
  "results": [
    {
      "uuid": "68c51b2e-cbdc-476e-bbf3-44136f912939",
      "title": "",
      "fullFile": "cypress\\e2e\\05_checkout.spec.js",
      "file": "cypress\\e2e\\05_checkout.spec.js",
      "beforeHooks": [],
      "afterHooks": [],
      "tests": [],
      "suites": [
        {
          "uuid": "c9e92a49-66dc-4d1b-833f-d2dfec5d4faf",
          "title": "Checkout Process",
          "fullFile": "",
          "file": "",
          "beforeHooks": [],
          "afterHooks": [],
          "tests": [
            {
              "title": "Test scenario - should proceed to checkout the selected a saree from the cart page",
              "fullTitle": "Checkout Process Test scenario - should proceed to checkout the selected a saree from the cart page",
              "timedOut": null,
              "duration": 23855,
              "state": "passed",
              "speed": "slow",
              "pass": true,
              "fail": false,
              "pending": false,
              "context": null,
              "code": "cy.visit('Base URL'); // Replace with the actual base URL\ncy.url().should('include', 'automationexercise.com'); // Verify the URL\ncy.contains('Products').click();\ncy.get('.product-image-wrapper').eq(2).click(); // Click on the third saree (index 2)\ncy.get(':nth-child(1) > .panel-heading > .panel-title > a > .badge').click(); // Click on the 'Sarees' category\ncy.get(':nth-child(5) > .product-image-wrapper').click(); // Click on the first saree in the list\ncy.get('.panel-body > ul > :nth-child(3) > a').click(); // Click on the 'Sarees' category\ncy.contains('Women - Saree Products').should('be.visible'); // Verify the 'Sarees' category is displayed\ncy.get('.product-image-wrapper').eq(2).click(); // Click on the third saree (index 2)\ncy.contains('Beautiful Peacock Blue Cotton Linen Saree').should('be.visible');\ncy.get(':nth-child(5) > .product-image-wrapper > .choose > .nav > li > a').click();\ncy.get(':nth-child(5) > .btn').click(); // Click on the 'Add to Cart' button for the selected saree\ncy.get('.modal-content').should('be.visible'); // Verify the modal content is displayed\ncy.get('.modal-footer > .btn').click(); // Click on the 'Continue Shopping' button in the modal\ncy.contains('Cart').click(); // Click on the 'Cart' link in the navigation bar\ncy.contains('Beautiful Peacock Blue Cotton Linen Saree').should('be.visible');\ncy.get('.cart_description > h4').should('be.visible'); // Verify the cart description is visible\ncy.get('.cart_total_price').should('contain', '5000');\ncy.get('.col-sm-6 > .btn').click(); // Click on the 'Proceed to Checkout' button",
              "err": {},
              "uuid": "f141519d-1dd6-41ae-94e6-fbb42c284d84",
              "parentUUID": "c9e92a49-66dc-4d1b-833f-d2dfec5d4faf",
              "isHook": false,
              "skipped": false
            }
          ],
          "suites": [],
          "passes": [
            "f141519d-1dd6-41ae-94e6-fbb42c284d84"
          ],
          "failures": [],
          "pending": [],
          "skipped": [],
          "duration": 23855,
          "root": false,
          "rootEmpty": false,
          "_timeout": 2000
        }
      ],
      "passes": [],
      "failures": [],
      "pending": [],
      "skipped": [],
      "duration": 0,
      "root": true,
      "rootEmpty": true,
      "_timeout": 2000
    }
  ],
  "meta": {
    "mocha": {
      "version": "7.2.0"
    },
    "mochawesome": {
      "options": {
        "quiet": false,
        "reportFilename": "mochawesome",
        "saveHtml": false,
        "saveJson": true,
        "consoleReporter": "spec",
        "useInlineDiffs": false,
        "code": true
      },
      "version": "7.1.3"
    },
    "marge": {
      "options": {
        "reportDir": "cypress\\reports\\.jsons",
        "overwrite": false,
        "html": false,
        "json": true
      },
      "version": "6.2.0"
    }
  }
}