{
  "stats": {
    "suites": 1,
    "tests": 1,
    "passes": 0,
    "pending": 0,
    "failures": 1,
    "start": "2025-04-30T06:18:20.944Z",
    "end": "2025-04-30T06:18:47.426Z",
    "duration": 26482,
    "testsRegistered": 1,
    "passPercent": 0,
    "pendingPercent": 0,
    "other": 0,
    "hasOther": false,
    "skipped": 0,
    "hasSkipped": false
  },
  "results": [
    {
      "uuid": "087661f7-d82b-4bac-b773-18deda5795ec",
      "title": "",
      "fullFile": "cypress\\e2e\\04_cart.spec.js",
      "file": "cypress\\e2e\\04_cart.spec.js",
      "beforeHooks": [],
      "afterHooks": [],
      "tests": [],
      "suites": [
        {
          "uuid": "9f1367f0-0ed8-4118-8ede-5f6c4c0e8f72",
          "title": "View and Proceed to Cart Checkout",
          "fullFile": "",
          "file": "",
          "beforeHooks": [],
          "afterHooks": [],
          "tests": [
            {
              "title": "Test scenario - should add to cart selected a saree from the cart page",
              "fullTitle": "View and Proceed to Cart Checkout Test scenario - should add to cart selected a saree from the cart page",
              "timedOut": null,
              "duration": 26440,
              "state": "failed",
              "speed": null,
              "pass": false,
              "fail": true,
              "pending": false,
              "context": null,
              "code": "cy.visit('Base URL'); // Replace with the actual base URL\ncy.url().should('include', 'automationexercise.com'); // Verify the URL\ncy.contains('Products').click();\ncy.get('.product-image-wrapper').eq(2).click(); // Click on the third saree (index 2)\ncy.get(':nth-child(1) > .panel-heading > .panel-title > a > .badge').click(); // Click on the 'Sarees' category\ncy.get(':nth-child(5) > .product-image-wrapper').click(); // Click on the first saree in the list\ncy.get('.panel-body > ul > :nth-child(3) > a').click(); // Click on the 'Sarees' category\ncy.contains('Women - Saree Products').should('be.visible'); // Verify the 'Sarees' category is displayed\ncy.get('.product-image-wrapper').eq(2).click(); // Click on the third saree (index 2)\ncy.contains('Beautiful Peacock Blue Cotton Linen Saree').should('be.visible');\ncy.get(':nth-child(5) > .product-image-wrapper > .choose > .nav > li > a').click();\ncy.get(':nth-child(5) > .btn').click(); // Click on the 'Add to Cart' button for the selected saree\ncy.get('.modal-content').should('be.visible'); // Verify the modal content is displayed\ncy.get('.modal-footer > .btn').click(); // Click on the 'Continue Shopping' button in the modal\ncy.contains('Cart').click(); // Click on the 'Cart' link in the navigation bar\ncy.contains('Beautiful Peacock Blue Cotton Linen Saree').should('be.visible');\ncy.get('.cart_description > h4').should('be.visible'); // Verify the cart description is visible\ncy.get('.cart_total_price').should('contain', '5000');\ncy.get('.cart_quantity_delete').click(); // Click on the 'Remove' button for the selected saree",
              "err": {
                "message": "AssertionError: Timed out retrying after 4000ms: expected '<p.cart_total_price>' to contain '5000'",
                "estack": "AssertionError: Timed out retrying after 4000ms: expected '<p.cart_total_price>' to contain '5000'\n    at Context.eval (webpack://your-project-name/./cypress/e2e/04_cart.spec.js:34:32)",
                "diff": null
              },
              "uuid": "4179ca11-9bbc-4a03-8033-a24c57ca9bc5",
              "parentUUID": "9f1367f0-0ed8-4118-8ede-5f6c4c0e8f72",
              "isHook": false,
              "skipped": false
            }
          ],
          "suites": [],
          "passes": [],
          "failures": [
            "4179ca11-9bbc-4a03-8033-a24c57ca9bc5"
          ],
          "pending": [],
          "skipped": [],
          "duration": 26440,
          "root": false,
          "rootEmpty": false,
          "_timeout": 2000
        }
      ],
      "passes": [],
      "failures": [],
      "pending": [],
      "skipped": [],
      "duration": 0,
      "root": true,
      "rootEmpty": true,
      "_timeout": 2000
    }
  ],
  "meta": {
    "mocha": {
      "version": "7.2.0"
    },
    "mochawesome": {
      "options": {
        "quiet": false,
        "reportFilename": "mochawesome",
        "saveHtml": false,
        "saveJson": true,
        "consoleReporter": "spec",
        "useInlineDiffs": false,
        "code": true
      },
      "version": "7.1.3"
    },
    "marge": {
      "options": {
        "reportDir": "cypress\\reports\\.jsons",
        "overwrite": false,
        "html": false,
        "json": true
      },
      "version": "6.2.0"
    }
  }
}