{
  "stats": {
    "suites": 1,
    "tests": 1,
    "passes": 1,
    "pending": 0,
    "failures": 0,
    "start": "2025-04-30T06:17:44.925Z",
    "end": "2025-04-30T06:17:55.013Z",
    "duration": 10088,
    "testsRegistered": 1,
    "passPercent": 100,
    "pendingPercent": 0,
    "other": 0,
    "hasOther": false,
    "skipped": 0,
    "hasSkipped": false
  },
  "results": [
    {
      "uuid": "1adb6480-08be-4831-9a79-bd032374c17b",
      "title": "",
      "fullFile": "cypress\\e2e\\02_login.spec.js",
      "file": "cypress\\e2e\\02_login.spec.js",
      "beforeHooks": [],
      "afterHooks": [],
      "tests": [],
      "suites": [
        {
          "uuid": "99473591-5d80-4d09-8a7b-0f7fbeb4fb40",
          "title": "User Login",
          "fullFile": "",
          "file": "",
          "beforeHooks": [],
          "afterHooks": [],
          "tests": [
            {
              "title": "Test scenario - should login successfully with generated credentials",
              "fullTitle": "User Login Test scenario - should login successfully with generated credentials",
              "timedOut": null,
              "duration": 10063,
              "state": "passed",
              "speed": "slow",
              "pass": true,
              "fail": false,
              "pending": false,
              "context": null,
              "code": "cy.fixture('user').then(user => {\n  cy.visit('Base URL'); // Replace with the actual base URL\n  cy.url().should('include', 'automationexercise.com'); // Verify the URL\n  cy.contains('Signup / Login').click();\n  cy.get('[data-qa=\"login-email\"]').type(user.email);\n  cy.get('[data-qa=\"login-password\"]').type(user.password);\n  cy.get('[data-qa=\"login-button\"]').click();\n  cy.contains(`Logged in as ${user.name}`).should('be.visible');\n});",
              "err": {},
              "uuid": "2aeb25ed-cbf8-4640-83c4-f05f858f9e1b",
              "parentUUID": "99473591-5d80-4d09-8a7b-0f7fbeb4fb40",
              "isHook": false,
              "skipped": false
            }
          ],
          "suites": [],
          "passes": [
            "2aeb25ed-cbf8-4640-83c4-f05f858f9e1b"
          ],
          "failures": [],
          "pending": [],
          "skipped": [],
          "duration": 10063,
          "root": false,
          "rootEmpty": false,
          "_timeout": 2000
        }
      ],
      "passes": [],
      "failures": [],
      "pending": [],
      "skipped": [],
      "duration": 0,
      "root": true,
      "rootEmpty": true,
      "_timeout": 2000
    }
  ],
  "meta": {
    "mocha": {
      "version": "7.2.0"
    },
    "mochawesome": {
      "options": {
        "quiet": false,
        "reportFilename": "mochawesome",
        "saveHtml": false,
        "saveJson": true,
        "consoleReporter": "spec",
        "useInlineDiffs": false,
        "code": true
      },
      "version": "7.1.3"
    },
    "marge": {
      "options": {
        "reportDir": "cypress\\reports\\.jsons",
        "overwrite": false,
        "html": false,
        "json": true
      },
      "version": "6.2.0"
    }
  }
}