{
  "stats": {
    "suites": 1,
    "tests": 1,
    "passes": 1,
    "pending": 0,
    "failures": 0,
    "start": "2025-04-30T06:20:41.216Z",
    "end": "2025-04-30T06:20:56.641Z",
    "duration": 15425,
    "testsRegistered": 1,
    "passPercent": 100,
    "pendingPercent": 0,
    "other": 0,
    "hasOther": false,
    "skipped": 0,
    "hasSkipped": false
  },
  "results": [
    {
      "uuid": "402def31-6647-45a1-8736-ed4698080945",
      "title": "",
      "fullFile": "cypress\\e2e\\09_delete.spec.js",
      "file": "cypress\\e2e\\09_delete.spec.js",
      "beforeHooks": [],
      "afterHooks": [],
      "tests": [],
      "suites": [
        {
          "uuid": "5649603b-57f6-47fa-b3d6-67738652eb5f",
          "title": "Delete User Account",
          "fullFile": "",
          "file": "",
          "beforeHooks": [],
          "afterHooks": [],
          "tests": [
            {
              "title": "Test scenario - should delete the user account",
              "fullTitle": "Delete User Account Test scenario - should delete the user account",
              "timedOut": null,
              "duration": 15402,
              "state": "passed",
              "speed": "slow",
              "pass": true,
              "fail": false,
              "pending": false,
              "context": null,
              "code": "cy.visit('Base URL'); // Replace with the actual base URL\ncy.url().should('include', 'automationexercise.com'); // Verify the URL\ncy.contains('Delete Account').click(); // Click on the 'Delete Account' link\ncy.get('[data-qa=\"continue-button\"]').should('be.visible'); // Verify the 'Continue' button is visible\ncy.get('[data-qa=\"continue-button\"]').click(); // Click on the 'Continue' button",
              "err": {},
              "uuid": "b7d19e4f-a4a4-4e7b-bca5-7ee051db12c8",
              "parentUUID": "5649603b-57f6-47fa-b3d6-67738652eb5f",
              "isHook": false,
              "skipped": false
            }
          ],
          "suites": [],
          "passes": [
            "b7d19e4f-a4a4-4e7b-bca5-7ee051db12c8"
          ],
          "failures": [],
          "pending": [],
          "skipped": [],
          "duration": 15402,
          "root": false,
          "rootEmpty": false,
          "_timeout": 2000
        }
      ],
      "passes": [],
      "failures": [],
      "pending": [],
      "skipped": [],
      "duration": 0,
      "root": true,
      "rootEmpty": true,
      "_timeout": 2000
    }
  ],
  "meta": {
    "mocha": {
      "version": "7.2.0"
    },
    "mochawesome": {
      "options": {
        "quiet": false,
        "reportFilename": "mochawesome",
        "saveHtml": false,
        "saveJson": true,
        "consoleReporter": "spec",
        "useInlineDiffs": false,
        "code": true
      },
      "version": "7.1.3"
    },
    "marge": {
      "options": {
        "reportDir": "cypress\\reports\\.jsons",
        "overwrite": false,
        "html": false,
        "json": true
      },
      "version": "6.2.0"
    }
  }
}