{
  "stats": {
    "suites": 1,
    "tests": 1,
    "passes": 1,
    "pending": 0,
    "failures": 0,
    "start": "2025-04-30T06:17:22.900Z",
    "end": "2025-04-30T06:17:42.561Z",
    "duration": 19661,
    "testsRegistered": 1,
    "passPercent": 100,
    "pendingPercent": 0,
    "other": 0,
    "hasOther": false,
    "skipped": 0,
    "hasSkipped": false
  },
  "results": [
    {
      "uuid": "f1d79a1f-6079-4b16-b2bd-2bce4f775c20",
      "title": "",
      "fullFile": "cypress\\e2e\\01_signup.spec.js",
      "file": "cypress\\e2e\\01_signup.spec.js",
      "beforeHooks": [],
      "afterHooks": [],
      "tests": [],
      "suites": [
        {
          "uuid": "956e0ac8-67ee-4eac-a74b-0dabd3c8425b",
          "title": "User Signup",
          "fullFile": "",
          "file": "",
          "beforeHooks": [],
          "afterHooks": [],
          "tests": [
            {
              "title": "Test scenario - should sign up successfully with generated credentials",
              "fullTitle": "User Signup Test scenario - should sign up successfully with generated credentials",
              "timedOut": null,
              "duration": 19614,
              "state": "passed",
              "speed": "slow",
              "pass": true,
              "fail": false,
              "pending": false,
              "context": null,
              "code": "cy.fixture('user').then(user => {\n  cy.visit('Base URL'); // Replace with the actual base URL\n  cy.url().should('include', 'automationexercise.com'); // Verify the URL\n  cy.contains('Signup / Login').click();\n  cy.get('[data-qa=\"signup-name\"]').type(user.name);\n  cy.get('[data-qa=\"signup-email\"]').type(user.email);\n  cy.get('[data-qa=\"signup-button\"]').click();\n  cy.get('#id_gender1').check(); // Select Mr.\n  cy.get('[data-qa=\"name\"]').should('be.visible');\n  cy.get('[data-qa=\"name\"]').should('have.value', user.name);\n  cy.get('[data-qa=\"email\"]').should('have.value', user.email);\n  cy.get('[data-qa=\"password\"]').type(user.password);\n  cy.get('[data-qa=\"days\"]').select('1').should('have.value', '1');\n  cy.get('[data-qa=\"months\"]').select('January').should('have.value', '1');\n  cy.get('[data-qa=\"years\"]').select('1990').should('have.value', '1990');\n  cy.get('#newsletter').check();\n  cy.get('#optin').check();\n  cy.contains('Address Information').should('be.visible');\n  cy.get('[data-qa=\"first_name\"]').type(user.name);\n  cy.get('[data-qa=\"last_name\"]').type(user.name);\n  cy.get('[data-qa=\"company\"]').type('Test Company');\n  cy.get('[data-qa=\"address\"]').type('123 Test St');\n  cy.get('[data-qa=\"address2\"]').type('Apt 4B');\n  cy.get('[data-qa=\"country\"]').select('United States').should('have.value', 'United States');\n  cy.get('[data-qa=\"state\"]').type('California');\n  cy.get('[data-qa=\"city\"]').type('Los Angeles');\n  cy.get('[data-qa=\"zipcode\"]').type('90001');\n  cy.get('[data-qa=\"mobile_number\"]').type('1234567890');\n  cy.get('[data-qa=\"create-account\"]').click();\n  cy.contains('Account Created!').should('be.visible');\n  cy.get('[data-qa=\"continue-button\"]').click();\n  cy.contains('Logged in as').should('be.visible');\n  cy.contains(`Logged in as ${user.name}`).should('be.visible');\n});",
              "err": {},
              "uuid": "b8af26e8-250b-4fe5-8c50-bbbf85968ac5",
              "parentUUID": "956e0ac8-67ee-4eac-a74b-0dabd3c8425b",
              "isHook": false,
              "skipped": false
            }
          ],
          "suites": [],
          "passes": [
            "b8af26e8-250b-4fe5-8c50-bbbf85968ac5"
          ],
          "failures": [],
          "pending": [],
          "skipped": [],
          "duration": 19614,
          "root": false,
          "rootEmpty": false,
          "_timeout": 2000
        }
      ],
      "passes": [],
      "failures": [],
      "pending": [],
      "skipped": [],
      "duration": 0,
      "root": true,
      "rootEmpty": true,
      "_timeout": 2000
    }
  ],
  "meta": {
    "mocha": {
      "version": "7.2.0"
    },
    "mochawesome": {
      "options": {
        "quiet": false,
        "reportFilename": "mochawesome",
        "saveHtml": false,
        "saveJson": true,
        "consoleReporter": "spec",
        "useInlineDiffs": false,
        "code": true
      },
      "version": "7.1.3"
    },
    "marge": {
      "options": {
        "reportDir": "cypress\\reports\\.jsons",
        "overwrite": false,
        "html": false,
        "json": true
      },
      "version": "6.2.0"
    }
  }
}